node_modules/.pnpm/goober@2.1.18_csstype@3.2.3/node_modules/goober/goober.d.ts(3,1): error TS1203: Export assignment cannot be used when targeting ECMAScript modules. Consider using 'export default' or another module format instead.
node_modules/.pnpm/mermaid@11.12.1/node_modules/mermaid/dist/diagram-api/types.d.ts(2,47): error TS2307: Cannot find module 'type-fest' or its corresponding type declarations.
node_modules/.pnpm/react-leaflet-cluster@2.1.0_leaflet@1.9.4_react-dom@18.3.1_react@18.3.1__react-leaflet@_5628b3db19ae7db6c22f465ca344a2b0/node_modules/react-leaflet-cluster/lib/index.d.ts(15,69): error TS2694: Namespace '"/Users/huangzhonghui/divinesense/web/node_modules/.pnpm/@types+leaflet@1.9.21/node_modules/@types/leaflet/index"' has no exported member 'MarkerClusterGroupOptions'.
node_modules/.pnpm/react-leaflet-cluster@2.1.0_leaflet@1.9.4_react-dom@18.3.1_react@18.3.1__react-leaflet@_5628b3db19ae7db6c22f465ca344a2b0/node_modules/react-leaflet-cluster/lib/index.d.ts(17,43): error TS2694: Namespace '"/Users/huangzhonghui/divinesense/web/node_modules/.pnpm/@types+leaflet@1.9.21/node_modules/@types/leaflet/index"' has no exported member 'MarkerClusterGroup'.
node_modules/.pnpm/react-router-dom@7.9.6_react-dom@18.3.1_react@18.3.1__react@18.3.1/node_modules/react-router-dom/dist/index.d.ts(1,69): error TS2307: Cannot find module 'react-router/dom' or its corresponding type declarations.
  There are types at '/Users/huangzhonghui/divinesense/web/node_modules/.pnpm/react-router-dom@7.9.6_react-dom@18.3.1_react@18.3.1__react@18.3.1/node_modules/react-router/dist/development/dom-export.d.mts', but this result could not be resolved under your current 'moduleResolution' setting. Consider updating to 'node16', 'nodenext', or 'bundler'.
node_modules/.pnpm/react-use@17.6.0_react-dom@18.3.1_react@18.3.1__react@18.3.1/node_modules/react-use/lib/useEnsuredForwardedRef.d.ts(1,87): error TS2305: Module '"react"' has no exported member 'RefForwardingComponent'.
node_modules/.pnpm/react-use@17.6.0_react-dom@18.3.1_react@18.3.1__react@18.3.1/node_modules/react-use/lib/usePermission.d.ts(10,11): error TS2430: Interface 'IDevicePermissionDescriptor' incorrectly extends interface 'PermissionDescriptor'.
  Types of property 'name' are incompatible.
    Type '"camera" | "microphone" | "speaker"' is not assignable to type 'PermissionName'.
      Type '"speaker"' is not assignable to type 'PermissionName'.
src/components/ScheduleAI/GenerativeUIContainer.tsx(2,186): error TS6196: 'UIScheduleListData' is declared but never used.
src/components/ScheduleAI/GenerativeUIContainer.tsx(4,54): error TS6133: 'validateTimeSlot' is declared but its value is never read.
src/components/ScheduleAI/GenerativeUIContainer.tsx(89,9): error TS6133: 'handleReject' is declared but its value is never read.
src/components/ScheduleAI/MemoSearchResultCard.tsx(5,1): error TS6133: 'UIMemoPreviewData' is declared but its value is never read.
src/components/ScheduleAI/uiTypeValidators.ts(85,11): error TS2352: Conversion of type 'Record<string, unknown>' to type 'UIScheduleSuggestionData' may be a mistake because neither type sufficiently overlaps with the other. If this was intentional, convert the expression to 'unknown' first.
  Type 'Record<string, unknown>' is missing the following properties from type 'UIScheduleSuggestionData': title, start_ts, end_ts
src/components/ScheduleAI/uiTypeValidators.ts(121,11): error TS2352: Conversion of type 'Record<string, unknown>' to type 'UITimeSlotData' may be a mistake because neither type sufficiently overlaps with the other. If this was intentional, convert the expression to 'unknown' first.
  Type 'Record<string, unknown>' is missing the following properties from type 'UITimeSlotData': label, start_ts, end_ts, duration, reason
src/components/ScheduleAI/uiTypeValidators.ts(160,11): error TS2352: Conversion of type 'Record<string, unknown>' to type 'UIMemoPreviewData' may be a mistake because neither type sufficiently overlaps with the other. If this was intentional, convert the expression to 'unknown' first.
  Type 'Record<string, unknown>' is missing the following properties from type 'UIMemoPreviewData': title, content, confidence
src/components/ScheduleAI/uiTypeValidators.ts(180,3): error TS2322: Type 'T | undefined' is not assignable to type 'T | null'.
  Type 'undefined' is not assignable to type 'T | null'.
src/components/ScheduleAI/uiTypeValidators.ts(239,11): error TS2352: Conversion of type 'Record<string, unknown>' to type 'UIScheduleListData' may be a mistake because neither type sufficiently overlaps with the other. If this was intentional, convert the expression to 'unknown' first.
  Type 'Record<string, unknown>' is missing the following properties from type 'UIScheduleListData': title, query, count, schedules
src/components/ScheduleQuickInput/QuickEditPopover.tsx(23,11): error TS6133: 'updateSchedule' is declared but its value is never read.
src/components/ScheduleQuickInput/QuickEditPopover.tsx(25,42): error TS2694: Namespace 'global.NodeJS' has no exported member 'Timeout'.
src/components/ScheduleQuickInput/QuickEditPopover.tsx(61,28): error TS2345: Argument of type '"schedule.quick-edit.delay-30m"' is not assignable to parameter of type 'Translations'.
src/components/ScheduleQuickInput/QuickEditPopover.tsx(65,28): error TS2345: Argument of type '"schedule.quick-edit.move-tomorrow"' is not assignable to parameter of type 'Translations'.
src/components/ScheduleQuickInput/QuickEditPopover.tsx(69,28): error TS2345: Argument of type '"schedule.quick-edit.cancel-schedule"' is not assignable to parameter of type 'Translations'.
src/components/ScheduleQuickInput/QuickEditPopover.tsx(121,28): error TS2345: Argument of type '"schedule.quick-edit.title"' is not assignable to parameter of type 'Translations'.
src/components/ScheduleQuickInput/QuickEditPopover.tsx(129,40): error TS2345: Argument of type '"schedule.quick-edit.placeholder"' is not assignable to parameter of type 'Translations'.
